[10748:23460:0626/195053.957:WARNING:chrome_main_delegate.cc(745)] This is Chrome version 128.0.6613.138 (not a warning)
[10748:23460:0626/195054.036:WARNING:account_consistency_mode_manager.cc(77)] Desktop Identity Consistency cannot be enabled as no OAuth client ID and client secret have been configured.
[1372:19620:0626/195100.732:WARNING:frame_impl.cc(430)] virtual CefFrameImpl::SendProcessMessage sent to detached frame 5-5D72984F4DC6A4E8E86F79E993AA057D will be ignored
[16592:4420:0626/195101.199:WARNING:codec.cc(525)] Explicitly added H264 constrained baseline to list of supported formats.
[16592:22980:0626/195101.220:WARNING:codec.cc(525)] Explicitly added H264 constrained baseline to list of supported formats.
[16592:22980:0626/195101.220:WARNING:codec.cc(525)] Explicitly added H264 constrained baseline to list of supported formats.
[16592:22980:0626/195101.221:WARNING:codec.cc(525)] Explicitly added H264 constrained baseline to list of supported formats.
[17880:25092:0626/195101.253:WARNING:host_resolver_dns_task.cc(863)] Address list empty after RFC3484 sort
[17880:25092:0626/195101.255:ERROR:socket_manager.cc(147)] Failed to resolve address for stun.cloudflare.com., errorcode: -105
[17880:25092:0626/195101.255:ERROR:socket_manager.cc(147)] Failed to resolve address for stun.cloudflare.com., errorcode: -105
[17880:25092:0626/195101.255:ERROR:socket_manager.cc(147)] Failed to resolve address for stun.cloudflare.com., errorcode: -105
[16592:22980:0626/195101.255:WARNING:stun_port.cc(442)] Port[fd0400:0:1:0:host:Net[any:0:0:0:x:x:x:x:x/0:Wildcard:id=0]]: StunPort: stun host lookup received error -1
[16592:22980:0626/195101.255:WARNING:stun_port.cc(442)] Port[fd0c00:1:1:0:host:Net[any:0:0:0:x:x:x:x:x/0:Wildcard:id=0]]: StunPort: stun host lookup received error -1
[16592:22980:0626/195101.255:WARNING:stun_port.cc(442)] Port[fd1400:2:1:0:host:Net[any:0:0:0:x:x:x:x:x/0:Wildcard:id=0]]: StunPort: stun host lookup received error -1
[10748:25052:0626/195101.413:WARNING:browser_info.cc(345)] Returning a speculative frame for [9,9]
[10748:23460:0626/195101.501:WARNING:browser_info.cc(345)] Returning a speculative frame for [10,9]
[10748:23460:0626/195101.501:WARNING:browser_info.cc(345)] Returning a speculative frame for [10,9]
[10748:23460:0626/195101.501:WARNING:browser_info.cc(345)] Returning a speculative frame for [10,9]
[10748:23460:0626/195101.501:WARNING:browser_info.cc(345)] Returning a speculative frame for [10,9]
[10748:25052:0626/195101.505:WARNING:browser_info.cc(345)] Returning a speculative frame for [10,9]
[1524:25104:0626/195101.685:WARNING:codec.cc(525)] Explicitly added H264 constrained baseline to list of supported formats.
[1524:3544:0626/195101.721:WARNING:codec.cc(525)] Explicitly added H264 constrained baseline to list of supported formats.
[1524:3544:0626/195101.721:WARNING:codec.cc(525)] Explicitly added H264 constrained baseline to list of supported formats.
[1524:3544:0626/195101.723:WARNING:codec.cc(525)] Explicitly added H264 constrained baseline to list of supported formats.
[17880:25092:0626/195101.754:WARNING:host_resolver_dns_task.cc(863)] Address list empty after RFC3484 sort
[17880:25092:0626/195101.755:ERROR:socket_manager.cc(147)] Failed to resolve address for stun.cloudflare.com., errorcode: -105
[17880:25092:0626/195101.755:ERROR:socket_manager.cc(147)] Failed to resolve address for stun.cloudflare.com., errorcode: -105
[17880:25092:0626/195101.755:ERROR:socket_manager.cc(147)] Failed to resolve address for stun.cloudflare.com., errorcode: -105
[1524:3544:0626/195101.755:WARNING:stun_port.cc(442)] Port[ef2400:0:1:0:host:Net[any:0:0:0:x:x:x:x:x/0:Wildcard:id=0]]: StunPort: stun host lookup received error -1
[1524:3544:0626/195101.756:WARNING:stun_port.cc(442)] Port[ef2c00:1:1:0:host:Net[any:0:0:0:x:x:x:x:x/0:Wildcard:id=0]]: StunPort: stun host lookup received error -1
[1524:3544:0626/195101.756:WARNING:stun_port.cc(442)] Port[ef3400:2:1:0:host:Net[any:0:0:0:x:x:x:x:x/0:Wildcard:id=0]]: StunPort: stun host lookup received error -1
[17880:25092:0626/195102.006:ERROR:ssl_client_socket_impl.cc(882)] handshake failed; returned -1, SSL error code 1, net_error -100
[17880:25092:0626/195102.053:ERROR:ssl_client_socket_impl.cc(882)] handshake failed; returned -1, SSL error code 1, net_error -107
[1524:25104:0626/195103.461:WARNING:codec.cc(525)] Explicitly added H264 constrained baseline to list of supported formats.
[17880:25092:0626/195115.385:ERROR:ssl_client_socket_impl.cc(882)] handshake failed; returned -1, SSL error code 1, net_error -107
[17880:25092:0626/195127.819:ERROR:ssl_client_socket_impl.cc(882)] handshake failed; returned -1, SSL error code 1, net_error -100
[16592:4344:0626/195309.475:WARNING:frame_impl.cc(430)] virtual CefFrameImpl::SendProcessMessage sent to detached frame 6-F5E4A767A132640FE95EC5580DCC4627 will be ignored
[3216:12780:0626/195309.614:ERROR:shared_image_manager.cc(224)] SharedImageManager::ProduceSkia: Trying to Produce a Skia representation from a non-existent mailbox.
[3216:12780:0626/195309.614:ERROR:shared_image_manager.cc(224)] SharedImageManager::ProduceSkia: Trying to Produce a Skia representation from a non-existent mailbox.
[10748:23460:0626/215632.166:WARNING:pref_notifier_impl.cc(41)] Pref observer for media_router.cast_allow_all_ips found at shutdown.
